Running: C:\Xilinx\14.2\ISE_DS\ISE\bin\nt\unwrapped\fuse.exe -intstyle ise -incremental -o D:/199987/COUNTER/test_isim_beh.exe -prj D:/199987/COUNTER/test_beh.prj work.test 
ISim P.28xd (signature 0x1048c146)
Number of CPUs detected in this system: 1
Turning on mult-threading, number of parallel sub-compilation jobs: 0 
Determining compilation order of HDL files
Parsing VHDL file "D:/199987/COUNTER/MOD1.vhd" into library work
Parsing VHDL file "D:/199987/COUNTER/test.vhd" into library work
Starting static elaboration
Completed static elaboration
Fuse Memory Usage: 65956 KB
Fuse CPU Usage: 562 ms
Compiling package standard
Compiling package std_logic_1164
Compiling package std_logic_arith
Compiling package std_logic_unsigned
Compiling architecture behavioral of entity MOD1 [mod1_default]
Compiling architecture behavior of entity test
Time Resolution for simulation is 1ps.
Compiled 7 VHDL Units
Built simulation executable D:/199987/COUNTER/test_isim_beh.exe
Fuse Memory Usage: 79848 KB
Fuse CPU Usage: 811 ms
